<?xml version="1.0" encoding="UTF-8"?>
<!-- Generated by org.testng.reporters.JUnitReportReporter -->
<testsuite hostname="AaraSuthar" failures="0" tests="1" name="com.avastsecurity.Test.Validating_The_Toast_Message_After_Scanning" time="0.513" errors="1" timestamp="2025-08-28T12:04:59 IST" skipped="0">
  <testcase classname="com.avastsecurity.Test.Validating_The_Toast_Message_After_Scanning" name="testScan" time="0.513">
    <error message="Locator Strategy &#039;name&#039; is not supported for this session
For documentation on this error, please visit: https://www.seleniumhq.org/exceptions/invalid_selector_exception.html
Build info: version: &#039;3.141.59&#039;, revision: &#039;e82be7d358&#039;, time: &#039;2018-11-14T08:17:03&#039;
System info: host: &#039;AARASUTHAR&#039;, ip: &#039;192.168.0.6&#039;, os.name: &#039;Windows 11&#039;, os.arch: &#039;amd64&#039;, os.version: &#039;10.0&#039;, java.version: &#039;23.0.1&#039;
Driver info: io.appium.java_client.AppiumDriver
Capabilities {appActivity: com.avast.android.mobilesec..., appPackage: com.avast.android.mobilesec..., appWaitActivity: *, automationName: UiAutomator2, databaseEnabled: false, desired: {appPackage: com.avast.android.mobilesec..., appWaitActivity: *, automationName: UiAutomator2, deviceName: POCO C55, noReset: true, platformName: android, udid: nr6dcit4pvjzmrtc}, deviceApiLevel: 34, deviceManufacturer: Xiaomi, deviceModel: 22127PC95I, deviceName: nr6dcit4pvjzmrtc, deviceScreenDensity: 320, deviceScreenSize: 720x1650, deviceUDID: nr6dcit4pvjzmrtc, javascriptEnabled: true, locationContextEnabled: false, networkConnectionEnabled: true, noReset: true, pixelRatio: 2, platform: LINUX, platformName: Android, platformVersion: 14, statBarHeight: 49, takesScreenshot: true, udid: nr6dcit4pvjzmrtc, viewportRect: {height: 1601, left: 0, top: 49, width: 720}, warnings: {}, webStorageEnabled: false}
Session ID: b5ccb7d8-06b7-4233-a9a8-250fbced048d
*** Element info: {Using=name, value=getStartedButton}" type="org.openqa.selenium.InvalidSelectorException">
      <![CDATA[org.openqa.selenium.InvalidSelectorException: Locator Strategy 'name' is not supported for this session
For documentation on this error, please visit: https://www.seleniumhq.org/exceptions/invalid_selector_exception.html
Build info: version: '3.141.59', revision: 'e82be7d358', time: '2018-11-14T08:17:03'
System info: host: 'AARASUTHAR', ip: '192.168.0.6', os.name: 'Windows 11', os.arch: 'amd64', os.version: '10.0', java.version: '23.0.1'
Driver info: io.appium.java_client.AppiumDriver
Capabilities {appActivity: com.avast.android.mobilesec..., appPackage: com.avast.android.mobilesec..., appWaitActivity: *, automationName: UiAutomator2, databaseEnabled: false, desired: {appPackage: com.avast.android.mobilesec..., appWaitActivity: *, automationName: UiAutomator2, deviceName: POCO C55, noReset: true, platformName: android, udid: nr6dcit4pvjzmrtc}, deviceApiLevel: 34, deviceManufacturer: Xiaomi, deviceModel: 22127PC95I, deviceName: nr6dcit4pvjzmrtc, deviceScreenDensity: 320, deviceScreenSize: 720x1650, deviceUDID: nr6dcit4pvjzmrtc, javascriptEnabled: true, locationContextEnabled: false, networkConnectionEnabled: true, noReset: true, pixelRatio: 2, platform: LINUX, platformName: Android, platformVersion: 14, statBarHeight: 49, takesScreenshot: true, udid: nr6dcit4pvjzmrtc, viewportRect: {height: 1601, left: 0, top: 49, width: 720}, warnings: {}, webStorageEnabled: false}
Session ID: b5ccb7d8-06b7-4233-a9a8-250fbced048d
*** Element info: {Using=name, value=getStartedButton}
at java.base/jdk.internal.reflect.DirectConstructorHandleAccessor.newInstance(DirectConstructorHandleAccessor.java:62)
at java.base/java.lang.reflect.Constructor.newInstanceWithCaller(Constructor.java:501)
at java.base/java.lang.reflect.Constructor.newInstance(Constructor.java:485)
at org.openqa.selenium.remote.http.W3CHttpResponseCodec.createException(W3CHttpResponseCodec.java:187)
at org.openqa.selenium.remote.http.W3CHttpResponseCodec.decode(W3CHttpResponseCodec.java:122)
at org.openqa.selenium.remote.http.W3CHttpResponseCodec.decode(W3CHttpResponseCodec.java:49)
at org.openqa.selenium.remote.HttpCommandExecutor.execute(HttpCommandExecutor.java:158)
at io.appium.java_client.remote.AppiumCommandExecutor.execute(AppiumCommandExecutor.java:250)
at org.openqa.selenium.remote.RemoteWebDriver.execute(RemoteWebDriver.java:552)
at io.appium.java_client.DefaultGenericMobileDriver.execute(DefaultGenericMobileDriver.java:41)
at io.appium.java_client.AppiumDriver.execute(AppiumDriver.java:1)
at org.openqa.selenium.remote.RemoteWebDriver.findElement(RemoteWebDriver.java:323)
at io.appium.java_client.DefaultGenericMobileDriver.findElement(DefaultGenericMobileDriver.java:61)
at io.appium.java_client.AppiumDriver.findElement(AppiumDriver.java:1)
at org.openqa.selenium.remote.RemoteWebDriver.findElementByName(RemoteWebDriver.java:404)
at io.appium.java_client.DefaultGenericMobileDriver.findElementByName(DefaultGenericMobileDriver.java:117)
at io.appium.java_client.AppiumDriver.findElementByName(AppiumDriver.java:1)
at org.openqa.selenium.By$ByName.findElement(By.java:284)
at org.openqa.selenium.support.ByIdOrName.findElement(ByIdOrName.java:50)
at org.openqa.selenium.remote.RemoteWebDriver.findElement(RemoteWebDriver.java:315)
at io.appium.java_client.DefaultGenericMobileDriver.findElement(DefaultGenericMobileDriver.java:57)
at io.appium.java_client.AppiumDriver.findElement(AppiumDriver.java:1)
at org.openqa.selenium.support.pagefactory.DefaultElementLocator.findElement(DefaultElementLocator.java:69)
at org.openqa.selenium.support.pagefactory.internal.LocatingElementHandler.invoke(LocatingElementHandler.java:38)
at jdk.proxy2/jdk.proxy2.$Proxy13.click(Unknown Source)
at com.avastsecurity.PageObjects.AvastHomePage.clickGetStarted(AvastHomePage.java:32)
at com.avastsecurity.Test.Validating_The_Toast_Message_After_Scanning.testScan(Validating_The_Toast_Message_After_Scanning.java:39)
at java.base/jdk.internal.reflect.DirectMethodHandleAccessor.invoke(DirectMethodHandleAccessor.java:103)
at java.base/java.lang.reflect.Method.invoke(Method.java:580)
at org.testng.internal.MethodInvocationHelper.invokeMethod(MethodInvocationHelper.java:133)
at org.testng.internal.TestInvoker.invokeMethod(TestInvoker.java:598)
at org.testng.internal.TestInvoker.invokeTestMethod(TestInvoker.java:173)
at org.testng.internal.MethodRunner.runInSequence(MethodRunner.java:46)
at org.testng.internal.TestInvoker$MethodInvocationAgent.invoke(TestInvoker.java:824)
at org.testng.internal.TestInvoker.invokeTestMethods(TestInvoker.java:146)
at org.testng.internal.TestMethodWorker.invokeTestMethods(TestMethodWorker.java:146)
at org.testng.internal.TestMethodWorker.run(TestMethodWorker.java:128)
at java.base/java.util.ArrayList.forEach(ArrayList.java:1597)
at org.testng.TestRunner.privateRun(TestRunner.java:794)
at org.testng.TestRunner.run(TestRunner.java:596)
at org.testng.SuiteRunner.runTest(SuiteRunner.java:377)
at org.testng.SuiteRunner.runSequentially(SuiteRunner.java:371)
at org.testng.SuiteRunner.privateRun(SuiteRunner.java:332)
at org.testng.SuiteRunner.run(SuiteRunner.java:276)
at org.testng.SuiteRunnerWorker.runSuite(SuiteRunnerWorker.java:53)
at org.testng.SuiteRunnerWorker.run(SuiteRunnerWorker.java:96)
at org.testng.TestNG.runSuitesSequentially(TestNG.java:1212)
at org.testng.TestNG.runSuitesLocally(TestNG.java:1134)
at org.testng.TestNG.runSuites(TestNG.java:1063)
at org.testng.TestNG.run(TestNG.java:1031)
at org.testng.remote.AbstractRemoteTestNG.run(AbstractRemoteTestNG.java:115)
at org.testng.remote.RemoteTestNG.initAndRun(RemoteTestNG.java:293)
at org.testng.remote.RemoteTestNG.main(RemoteTestNG.java:91)
]]>
    </error>
  </testcase> <!-- testScan -->
  <system-out/>
</testsuite> <!-- com.avastsecurity.Test.Validating_The_Toast_Message_After_Scanning -->
